----------------------------------------------------------------
Wed Sep 23 12:46:40 IST 2020:
Booting Derby version The Apache Software Foundation - Apache Derby - 10.14.2.0 - (1828579): instance a816c00e-0174-b9d2-4aa7-00000c5478d8 
on database directory memory:D:\SpringWorkspace10092020\product-management-web-service\b871d946-3210-4c9d-a2c6-f39c86e6666d with class loader sun.misc.Launcher$AppClassLoader@764c12b6 
Loaded from file:/C:/Users/sr43993/.m2/repository/org/apache/derby/derby/10.14.2.0/derby-10.14.2.0.jar
java.vendor=Oracle Corporation
java.runtime.version=1.8.0_161-b12
user.dir=D:\SpringWorkspace10092020\product-management-web-service
os.name=Windows 10
os.arch=amd64
os.version=10.0
derby.system.home=null
Database Class Loader started - derby.database.classpath=''
----------------------------------------------------------------
Wed Sep 23 12:49:10 IST 2020:
Shutting down instance a816c00e-0174-b9d2-4aa7-00000c5478d8 on database directory memory:D:\SpringWorkspace10092020\product-management-web-service\b871d946-3210-4c9d-a2c6-f39c86e6666d with class loader sun.misc.Launcher$AppClassLoader@764c12b6 
----------------------------------------------------------------
Wed Sep 23 12:49:12 IST 2020:
Booting Derby version The Apache Software Foundation - Apache Derby - 10.14.2.0 - (1828579): instance b278c0c3-0174-b9d2-4aa7-00000c5478d8 
on database directory memory:D:\SpringWorkspace10092020\product-management-web-service\5b57a9ef-f85d-48c5-97a4-94635bd3ee2a with class loader sun.misc.Launcher$AppClassLoader@764c12b6 
Loaded from file:/C:/Users/sr43993/.m2/repository/org/apache/derby/derby/10.14.2.0/derby-10.14.2.0.jar
java.vendor=Oracle Corporation
java.runtime.version=1.8.0_161-b12
user.dir=D:\SpringWorkspace10092020\product-management-web-service
os.name=Windows 10
os.arch=amd64
os.version=10.0
derby.system.home=null
Database Class Loader started - derby.database.classpath=''
----------------------------------------------------------------
Wed Sep 23 12:49:45 IST 2020:
Shutting down instance b278c0c3-0174-b9d2-4aa7-00000c5478d8 on database directory memory:D:\SpringWorkspace10092020\product-management-web-service\5b57a9ef-f85d-48c5-97a4-94635bd3ee2a with class loader sun.misc.Launcher$AppClassLoader@764c12b6 
----------------------------------------------------------------
Wed Sep 23 12:49:46 IST 2020:
Booting Derby version The Apache Software Foundation - Apache Derby - 10.14.2.0 - (1828579): instance c24e0171-0174-b9d2-4aa7-00000c5478d8 
on database directory memory:D:\SpringWorkspace10092020\product-management-web-service\09ffb83b-c204-4a2b-bb6c-de0df6260c59 with class loader sun.misc.Launcher$AppClassLoader@764c12b6 
Loaded from file:/C:/Users/sr43993/.m2/repository/org/apache/derby/derby/10.14.2.0/derby-10.14.2.0.jar
java.vendor=Oracle Corporation
java.runtime.version=1.8.0_161-b12
user.dir=D:\SpringWorkspace10092020\product-management-web-service
os.name=Windows 10
os.arch=amd64
os.version=10.0
derby.system.home=null
Database Class Loader started - derby.database.classpath=''
----------------------------------------------------------------
Wed Sep 23 12:50:13 IST 2020:
Shutting down instance c24e0171-0174-b9d2-4aa7-00000c5478d8 on database directory memory:D:\SpringWorkspace10092020\product-management-web-service\09ffb83b-c204-4a2b-bb6c-de0df6260c59 with class loader sun.misc.Launcher$AppClassLoader@764c12b6 
